0 info it worked if it ends with ok
1 verbose cli [ 'C:\\Program Files (x86)\\nodejs\\\\node.exe',
1 verbose cli   'C:\\Program Files (x86)\\nodejs\\node_modules\\npm\\bin\\npm-cli.js',
1 verbose cli   'publish' ]
2 info using npm@2.10.1
3 info using node@v0.12.4
4 verbose publish [ '.' ]
5 silly cache add args [ '.', null ]
6 verbose cache add spec .
7 silly cache add parsed spec { raw: '.',
7 silly cache add   scope: null,
7 silly cache add   name: null,
7 silly cache add   rawSpec: '.',
7 silly cache add   spec: 'C:\\_GITHUB\\generator-xrm',
7 silly cache add   type: 'directory' }
8 verbose addLocalDirectory C:\Users\Moreys\AppData\Roaming\npm-cache\generator-xrm\0.1.0\package.tgz not in flight; packing
9 verbose tar pack [ 'C:\\Users\\Moreys\\AppData\\Roaming\\npm-cache\\generator-xrm\\0.1.0\\package.tgz',
9 verbose tar pack   'C:\\_GITHUB\\generator-xrm' ]
10 verbose tarball C:\Users\Moreys\AppData\Roaming\npm-cache\generator-xrm\0.1.0\package.tgz
11 verbose folder C:\_GITHUB\generator-xrm
12 info prepublish generator-xrm@0.1.0
13 verbose addLocalTarball adding from inside cache C:\Users\Moreys\AppData\Roaming\npm-cache\generator-xrm\0.1.0\package.tgz
14 silly cache afterAdd generator-xrm@0.1.0
15 verbose afterAdd C:\Users\Moreys\AppData\Roaming\npm-cache\generator-xrm\0.1.0\package\package.json not in flight; writing
16 verbose afterAdd C:\Users\Moreys\AppData\Roaming\npm-cache\generator-xrm\0.1.0\package\package.json written
17 silly publish { name: 'generator-xrm',
17 silly publish   version: '0.1.0',
17 silly publish   description: 'A Yeoman generator for xrm',
17 silly publish   license: 'MIT',
17 silly publish   main: 'app/index.js',
17 silly publish   repository: { type: 'git', url: 'git://github.com/BclEx/generator-xrm.git' },
17 silly publish   author: { name: 'BclEx', url: 'https://github.com/BclEx' },
17 silly publish   engines: { node: '>=0.10.0' },
17 silly publish   scripts: { test: 'grunt test' },
17 silly publish   files: [ 'app' ],
17 silly publish   keywords: [ 'yeoman-generator' ],
17 silly publish   dependencies:
17 silly publish    { 'yeoman-generator': '~0.16.0',
17 silly publish      'generator-fragment': '~0.1.0',
17 silly publish      chalk: '~0.4.0',
17 silly publish      yosay: '^0.1.0' },
17 silly publish   devDependencies: {},
17 silly publish   peerDependencies: { yo: '>=1.0.0' },
17 silly publish   readmeFilename: 'README.md',
17 silly publish   bugs: { url: 'https://github.com/BclEx/generator-xrm/issues' },
17 silly publish   homepage: 'http://BclEx.github.io/generator-xrm/',
17 silly publish   _id: 'generator-xrm@0.1.0',
17 silly publish   _from: '.',
17 silly publish   readme: '# generator-fragment\n\n> A [Yeoman](http://yeoman.io) generator for Xrm.\n\n## Getting Started\n\n- Install Yeoman `npm install -g yo` (one-time global install).\n- Install this generator with `npm install -g generator-xrm` (one-time global install).\n- From the terminal, navigate to your site\'s directory (hint: creating a separate UI directory in the project root works pretty well).\n- Type `yo fragment`, answer a few questions about your project, and wait.\n\n## Development Plans\n- The generator works but is pretty basic at this point.\n\n## Changelog\n- 0.1.0\n  - First commit. Functional but needs work.',
17 silly publish   gitHead: 'd10678221fcf2c20b391da0b53abb7c40cd49930',
17 silly publish   _shasum: '21b2b33bd9ac64a8201cbfd6b5ba0fd9f07a0065' }
18 verbose getPublishConfig undefined
19 silly mapToRegistry name generator-xrm
20 silly mapToRegistry using default registry
21 silly mapToRegistry registry https://registry.npmjs.org/
22 silly mapToRegistry uri https://registry.npmjs.org/generator-xrm
23 verbose publish registryBase https://registry.npmjs.org/
24 silly publish uploading C:\Users\Moreys\AppData\Roaming\npm-cache\generator-xrm\0.1.0\package.tgz
25 verbose request uri https://registry.npmjs.org/generator-xrm
26 verbose request sending authorization for write operation
27 info attempt registry request try #1 at 6:15:38 PM
28 verbose request id 1282308e8a53fa3d
29 http request PUT https://registry.npmjs.org/generator-xrm
30 http 403 https://registry.npmjs.org/generator-xrm
31 verbose headers { 'content-type': 'application/json',
31 verbose headers   'cache-control': 'max-age=60',
31 verbose headers   'content-length': '105',
31 verbose headers   'accept-ranges': 'bytes',
31 verbose headers   date: 'Fri, 12 Jun 2015 23:15:38 GMT',
31 verbose headers   via: '1.1 varnish',
31 verbose headers   connection: 'keep-alive',
31 verbose headers   'x-served-by': 'cache-dfw1826-DFW',
31 verbose headers   'x-cache': 'MISS',
31 verbose headers   'x-cache-hits': '0',
31 verbose headers   'x-timer': 'S1434150938.612291,VS0,VE240' }
32 verbose request invalidating C:\Users\Moreys\AppData\Roaming\npm-cache\registry.npmjs.org\generator-xrm on PUT
33 error publish Failed PUT 403
34 verbose stack Error: You do not have permission to publish 'generator-xrm'. Are you logged in as the correct user? : generator-xrm
34 verbose stack     at CachingRegistryClient.<anonymous> (C:\Program Files (x86)\nodejs\node_modules\npm\node_modules\npm-registry-client\lib\request.js:247:14)
34 verbose stack     at Request._callback (C:\Program Files (x86)\nodejs\node_modules\npm\node_modules\npm-registry-client\lib\request.js:170:14)
34 verbose stack     at Request.self.callback (C:\Program Files (x86)\nodejs\node_modules\npm\node_modules\request\request.js:368:22)
34 verbose stack     at Request.emit (events.js:110:17)
34 verbose stack     at Request.<anonymous> (C:\Program Files (x86)\nodejs\node_modules\npm\node_modules\request\request.js:1219:14)
34 verbose stack     at Request.emit (events.js:129:20)
34 verbose stack     at IncomingMessage.<anonymous> (C:\Program Files (x86)\nodejs\node_modules\npm\node_modules\request\request.js:1167:12)
34 verbose stack     at IncomingMessage.emit (events.js:129:20)
34 verbose stack     at _stream_readable.js:908:16
34 verbose stack     at process._tickCallback (node.js:355:11)
35 verbose statusCode 403
36 verbose pkgid generator-xrm
37 verbose cwd C:\_GITHUB\generator-xrm
38 error Windows_NT 6.2.9200
39 error argv "C:\\Program Files (x86)\\nodejs\\\\node.exe" "C:\\Program Files (x86)\\nodejs\\node_modules\\npm\\bin\\npm-cli.js" "publish"
40 error node v0.12.4
41 error npm  v2.10.1
42 error code E403
43 error You do not have permission to publish 'generator-xrm'. Are you logged in as the correct user? : generator-xrm
44 error If you need help, you may report this error at:
44 error     <https://github.com/npm/npm/issues>
45 verbose exit [ 1, true ]
